2023-09-09 10:56:44,133 [INFO] Activator:177 - 


2023-09-09 10:56:44,134 [INFO] Activator:178 - !SESSION log4j initialized
2023-09-09 10:57:00,131 [INFO] McuFinderGlobals:39 - Set McuFinder mode to 2 (CubeIDE integrated)
2023-09-09 10:57:00,219 [INFO] ApplicationProperties:181 - Using Application install path: E:\vi xu ly - vi dk\ST\STM32CubeIDE_1.7.0\STM32CubeIDE\plugins\com.st.stm32cube.common.mx_6.3.0.202107141111
2023-09-09 10:57:00,226 [INFO] DbMcusXml:74 - Set database path to: E:\vi xu ly - vi dk\ST\STM32CubeIDE_1.7.0\STM32CubeIDE\plugins\com.st.stm32cube.common.mx_6.3.0.202107141111\\db\/mcu/
2023-09-09 10:57:00,230 [INFO] DbBoardsPdsc:56 - Set plugin database path to: E:\vi xu ly - vi dk\ST\STM32CubeIDE_1.7.0\STM32CubeIDE\plugins\com.st.stm32cube.common.mx_6.3.0.202107141111\\db\/plugins/boardmanager/
2023-09-09 10:57:00,231 [INFO] DbMcus:258 - Set plugin images path to: E:\vi xu ly - vi dk\ST\STM32CubeIDE_1.7.0\STM32CubeIDE\plugins\com.st.stm32cube.common.mx_6.3.0.202107141111\\db\/plugins/mcufinder/images/
2023-09-09 10:57:00,231 [INFO] DbBoards:264 - Set plugin images path to: E:\vi xu ly - vi dk\ST\STM32CubeIDE_1.7.0\STM32CubeIDE\plugins\com.st.stm32cube.common.mx_6.3.0.202107141111\\db\/plugins/mcufinder/images/
2023-09-09 10:57:00,232 [INFO] DbExamples:333 - Set plugin images path to: E:\vi xu ly - vi dk\ST\STM32CubeIDE_1.7.0\STM32CubeIDE\plugins\com.st.stm32cube.common.mx_6.3.0.202107141111\\db\/plugins/mcufinder/images/
2023-09-09 10:57:00,237 [INFO] DbMcusAds:119 - Set database path to: C:\Users\anhxa\.stmcufinder\plugins\mcufinder//mcu/
2023-09-09 10:57:00,238 [INFO] DbMcusDocs:110 - Set database path to: C:\Users\anhxa\.stmcufinder\plugins\mcufinder//mcu/
2023-09-09 10:57:00,239 [INFO] DbMcusJson:64 - Set database path to: C:\Users\anhxa\.stmcufinder\plugins\mcufinder//mcu/
2023-09-09 10:57:00,239 [INFO] DbBoardsDocs:110 - Set database path to: C:\Users\anhxa\.stmcufinder\plugins\mcufinder//mcu/
2023-09-09 10:57:00,240 [INFO] DbBoardsJson:57 - Set database path to: C:\Users\anhxa\.stmcufinder\plugins\mcufinder//mcu/
2023-09-09 10:57:00,241 [INFO] CrossReferenceDbSqlite:196 - Set database path to: C:\Users\anhxa\.stmcufinder\plugins\mcufinder//mcu/cs/
2023-09-09 10:57:00,245 [INFO] DbExamplesSqlite:767 - Set database path to: C:\Users\anhxa\.stmcufinder\plugins\mcufinder//mcu/
2023-09-09 10:57:00,318 [INFO] RulesReader:57 - Compatibility file has been processed (242 Rules)
2023-09-09 10:57:00,589 [INFO] DbMcusXml:74 - Set database path to: E:\vi xu ly - vi dk\ST\STM32CubeIDE_1.7.0\STM32CubeIDE\plugins\com.st.stm32cube.common.mx_6.3.0.202107141111\\db\/mcu/
2023-09-09 10:57:00,590 [INFO] DbBoardsPdsc:56 - Set plugin database path to: E:\vi xu ly - vi dk\ST\STM32CubeIDE_1.7.0\STM32CubeIDE\plugins\com.st.stm32cube.common.mx_6.3.0.202107141111\\db\/plugins/boardmanager/
2023-09-09 10:57:00,590 [INFO] DbMcus:258 - Set plugin images path to: E:\vi xu ly - vi dk\ST\STM32CubeIDE_1.7.0\STM32CubeIDE\plugins\com.st.stm32cube.common.mx_6.3.0.202107141111\\db\/plugins/mcufinder/images/
2023-09-09 10:57:00,590 [INFO] DbBoards:264 - Set plugin images path to: E:\vi xu ly - vi dk\ST\STM32CubeIDE_1.7.0\STM32CubeIDE\plugins\com.st.stm32cube.common.mx_6.3.0.202107141111\\db\/plugins/mcufinder/images/
2023-09-09 10:57:00,590 [INFO] DbExamples:333 - Set plugin images path to: E:\vi xu ly - vi dk\ST\STM32CubeIDE_1.7.0\STM32CubeIDE\plugins\com.st.stm32cube.common.mx_6.3.0.202107141111\\db\/plugins/mcufinder/images/
2023-09-09 10:57:00,590 [WARN] DbFile:35 - Overriding database path with different value: C:\Users\anhxa\.stmcufinder\plugins\mcufinder/ => C:\Users\anhxa\.stmcufinder\plugins\mcufinder
2023-09-09 10:57:00,590 [INFO] DbMcusAds:119 - Set database path to: C:\Users\anhxa\.stmcufinder\plugins\mcufinder//mcu/
2023-09-09 10:57:00,590 [WARN] DbFile:35 - Overriding database path with different value: C:\Users\anhxa\.stmcufinder\plugins\mcufinder/ => C:\Users\anhxa\.stmcufinder\plugins\mcufinder
2023-09-09 10:57:00,590 [INFO] DbMcusDocs:110 - Set database path to: C:\Users\anhxa\.stmcufinder\plugins\mcufinder//mcu/
2023-09-09 10:57:00,591 [WARN] DbFile:35 - Overriding database path with different value: C:\Users\anhxa\.stmcufinder\plugins\mcufinder/ => C:\Users\anhxa\.stmcufinder\plugins\mcufinder
2023-09-09 10:57:00,591 [INFO] DbMcusJson:64 - Set database path to: C:\Users\anhxa\.stmcufinder\plugins\mcufinder//mcu/
2023-09-09 10:57:00,591 [WARN] DbFile:35 - Overriding database path with different value: C:\Users\anhxa\.stmcufinder\plugins\mcufinder/ => C:\Users\anhxa\.stmcufinder\plugins\mcufinder
2023-09-09 10:57:00,591 [INFO] DbBoardsDocs:110 - Set database path to: C:\Users\anhxa\.stmcufinder\plugins\mcufinder//mcu/
2023-09-09 10:57:00,591 [WARN] DbFile:35 - Overriding database path with different value: C:\Users\anhxa\.stmcufinder\plugins\mcufinder/ => C:\Users\anhxa\.stmcufinder\plugins\mcufinder
2023-09-09 10:57:00,591 [INFO] DbBoardsJson:57 - Set database path to: C:\Users\anhxa\.stmcufinder\plugins\mcufinder//mcu/
2023-09-09 10:57:00,591 [WARN] DbFile:35 - Overriding database path with different value: C:\Users\anhxa\.stmcufinder\plugins\mcufinder/ => C:\Users\anhxa\.stmcufinder\plugins\mcufinder
2023-09-09 10:57:00,591 [WARN] DbFile:35 - Overriding database path with different value: C:\Users\anhxa\.stmcufinder\plugins\mcufinder/ => C:\Users\anhxa\.stmcufinder\plugins\mcufinder
2023-09-09 10:57:00,591 [INFO] CrossReferenceDbSqlite:196 - Set database path to: C:\Users\anhxa\.stmcufinder\plugins\mcufinder//mcu/cs/
2023-09-09 10:57:00,591 [WARN] DbFile:35 - Overriding database path with different value: C:\Users\anhxa\.stmcufinder\plugins\mcufinder/ => C:\Users\anhxa\.stmcufinder\plugins\mcufinder
2023-09-09 10:57:00,591 [INFO] DbExamplesSqlite:767 - Set database path to: C:\Users\anhxa\.stmcufinder\plugins\mcufinder//mcu/
2023-09-09 10:57:00,810 [INFO] MainPanel:214 - HeapMemory: 268435456
2023-09-09 10:57:00,860 [INFO] DbMcusXml:74 - Set database path to: E:\vi xu ly - vi dk\ST\STM32CubeIDE_1.7.0\STM32CubeIDE\plugins\com.st.stm32cube.common.mx_6.3.0.202107141111\\db\/mcu/
2023-09-09 10:57:00,860 [INFO] DbBoardsPdsc:56 - Set plugin database path to: E:\vi xu ly - vi dk\ST\STM32CubeIDE_1.7.0\STM32CubeIDE\plugins\com.st.stm32cube.common.mx_6.3.0.202107141111\\db\/plugins/boardmanager/
2023-09-09 10:57:00,860 [INFO] DbMcus:258 - Set plugin images path to: E:\vi xu ly - vi dk\ST\STM32CubeIDE_1.7.0\STM32CubeIDE\plugins\com.st.stm32cube.common.mx_6.3.0.202107141111\\db\/plugins/mcufinder/images/
2023-09-09 10:57:00,860 [INFO] DbBoards:264 - Set plugin images path to: E:\vi xu ly - vi dk\ST\STM32CubeIDE_1.7.0\STM32CubeIDE\plugins\com.st.stm32cube.common.mx_6.3.0.202107141111\\db\/plugins/mcufinder/images/
2023-09-09 10:57:00,860 [INFO] DbExamples:333 - Set plugin images path to: E:\vi xu ly - vi dk\ST\STM32CubeIDE_1.7.0\STM32CubeIDE\plugins\com.st.stm32cube.common.mx_6.3.0.202107141111\\db\/plugins/mcufinder/images/
2023-09-09 10:57:00,861 [WARN] DbFile:35 - Overriding database path with different value: C:\Users\anhxa\.stmcufinder\plugins\mcufinder/ => C:\Users\anhxa\.stmcufinder\plugins\mcufinder
2023-09-09 10:57:00,861 [INFO] DbMcusAds:119 - Set database path to: C:\Users\anhxa\.stmcufinder\plugins\mcufinder//mcu/
2023-09-09 10:57:00,861 [WARN] DbFile:35 - Overriding database path with different value: C:\Users\anhxa\.stmcufinder\plugins\mcufinder/ => C:\Users\anhxa\.stmcufinder\plugins\mcufinder
2023-09-09 10:57:00,861 [INFO] DbMcusDocs:110 - Set database path to: C:\Users\anhxa\.stmcufinder\plugins\mcufinder//mcu/
2023-09-09 10:57:00,861 [WARN] DbFile:35 - Overriding database path with different value: C:\Users\anhxa\.stmcufinder\plugins\mcufinder/ => C:\Users\anhxa\.stmcufinder\plugins\mcufinder
2023-09-09 10:57:00,861 [INFO] DbMcusJson:64 - Set database path to: C:\Users\anhxa\.stmcufinder\plugins\mcufinder//mcu/
2023-09-09 10:57:00,861 [WARN] DbFile:35 - Overriding database path with different value: C:\Users\anhxa\.stmcufinder\plugins\mcufinder/ => C:\Users\anhxa\.stmcufinder\plugins\mcufinder
2023-09-09 10:57:00,861 [INFO] DbBoardsDocs:110 - Set database path to: C:\Users\anhxa\.stmcufinder\plugins\mcufinder//mcu/
2023-09-09 10:57:00,861 [WARN] DbFile:35 - Overriding database path with different value: C:\Users\anhxa\.stmcufinder\plugins\mcufinder/ => C:\Users\anhxa\.stmcufinder\plugins\mcufinder
2023-09-09 10:57:00,861 [INFO] DbBoardsJson:57 - Set database path to: C:\Users\anhxa\.stmcufinder\plugins\mcufinder//mcu/
2023-09-09 10:57:00,861 [WARN] DbFile:35 - Overriding database path with different value: C:\Users\anhxa\.stmcufinder\plugins\mcufinder/ => C:\Users\anhxa\.stmcufinder\plugins\mcufinder
2023-09-09 10:57:00,862 [WARN] DbFile:35 - Overriding database path with different value: C:\Users\anhxa\.stmcufinder\plugins\mcufinder/ => C:\Users\anhxa\.stmcufinder\plugins\mcufinder
2023-09-09 10:57:00,862 [INFO] CrossReferenceDbSqlite:196 - Set database path to: C:\Users\anhxa\.stmcufinder\plugins\mcufinder//mcu/cs/
2023-09-09 10:57:00,862 [WARN] DbFile:35 - Overriding database path with different value: C:\Users\anhxa\.stmcufinder\plugins\mcufinder/ => C:\Users\anhxa\.stmcufinder\plugins\mcufinder
2023-09-09 10:57:00,862 [INFO] DbExamplesSqlite:767 - Set database path to: C:\Users\anhxa\.stmcufinder\plugins\mcufinder//mcu/
2023-09-09 10:57:00,928 [INFO] ApplicationProperties:181 - Using Application install path: E:\vi xu ly - vi dk\ST\STM32CubeIDE_1.7.0\STM32CubeIDE\plugins\com.st.stm32cube.common.mx_6.3.0.202107141111
2023-09-09 10:57:00,929 [INFO] PluginManage:188 - Search for loadable plugins [exclusion list=, ]
2023-09-09 10:57:00,930 [INFO] PluginManage:302 - Check plugin analytics
2023-09-09 10:57:01,039 [INFO] AnalyticsPlugin:257 - Accepted Software Licenses: 
2023-09-09 10:57:01,039 [INFO] AnalyticsPlugin:259 - Accepted CMSIS Pack Licenses: 
2023-09-09 10:57:01,040 [INFO] AnalyticsPlugin:261 - Accepted Firmware Licenses: 
2023-09-09 10:57:01,040 [INFO] PluginManage:352 - Loaded plugin analytics (category:tool,tabindex:-1)
2023-09-09 10:57:01,040 [INFO] PluginManage:302 - Check plugin clock
2023-09-09 10:57:01,047 [INFO] PluginManage:352 - Loaded plugin clock (category:base,tabindex:2)
2023-09-09 10:57:01,048 [INFO] PluginManage:302 - Check plugin ddr
2023-09-09 10:57:01,049 [INFO] PluginManage:352 - Loaded plugin ddr (category:tool,tabindex:6)
2023-09-09 10:57:01,049 [INFO] PluginManage:302 - Check plugin filemanager
2023-09-09 10:57:01,149 [INFO] PluginManage:352 - Loaded plugin filemanager (category:base,tabindex:10)
2023-09-09 10:57:01,149 [INFO] PluginManage:302 - Check plugin ipmanager
2023-09-09 10:57:01,155 [INFO] PluginManage:352 - Loaded plugin ipmanager (category:base,tabindex:5)
2023-09-09 10:57:01,155 [INFO] PluginManage:302 - Check plugin pinoutandconfiguration
2023-09-09 10:57:01,161 [INFO] PluginManage:352 - Loaded plugin pinoutandconfiguration (category:base,tabindex:1)
2023-09-09 10:57:01,161 [INFO] PluginManage:302 - Check plugin pinoutconfig
2023-09-09 10:57:01,206 [INFO] PluginManage:352 - Loaded plugin pinoutconfig (category:base,tabindex:0)
2023-09-09 10:57:01,206 [INFO] PluginManage:302 - Check plugin power
2023-09-09 10:57:01,212 [INFO] PluginManage:352 - Loaded plugin power (category:power,tabindex:4)
2023-09-09 10:57:01,212 [INFO] PluginManage:302 - Check plugin projectmanager
2023-09-09 10:57:01,227 [INFO] PluginManage:352 - Loaded plugin projectmanager (category:projectmanager,tabindex:3)
2023-09-09 10:57:01,227 [INFO] PluginManage:302 - Check plugin thirdparty
2023-09-09 10:57:01,335 [INFO] PluginManage:352 - Loaded plugin thirdparty (category:base,tabindex:-1)
2023-09-09 10:57:01,335 [INFO] PluginManage:302 - Check plugin tools
2023-09-09 10:57:01,335 [WARN] IntegrityCheckThread:78 - waiting for thirdparty lock release [integrity check]
2023-09-09 10:57:01,336 [INFO] IntegrityCheckThread:80 - entering critical section [integrity check]
2023-09-09 10:57:01,336 [INFO] ThirdPartyUpdaterWithRetryManager:66 - Updater plugin not ready yet. [1/15]
2023-09-09 10:57:01,337 [INFO] PluginManage:352 - Loaded plugin tools (category:base,tabindex:7)
2023-09-09 10:57:01,338 [INFO] PluginManage:302 - Check plugin tutovideos
2023-09-09 10:57:01,493 [INFO] PluginManage:352 - Loaded plugin tutovideos (category:base,tabindex:-1)
2023-09-09 10:57:01,493 [INFO] PluginManage:302 - Check plugin updater
2023-09-09 10:57:01,504 [INFO] PluginManage:352 - Loaded plugin updater (category:base,tabindex:12)
2023-09-09 10:57:01,504 [INFO] PluginManage:275 - PluginManage : Loaded plugins [13]
2023-09-09 10:57:01,901 [INFO] PinOutPanel:1463 - setPackage(No Configuration,No Configuration)
2023-09-09 10:57:02,125 [INFO] IPUIPlugin:74 - create IPUIPlugin
2023-09-09 10:57:02,125 [INFO] PluginManager:213 - loadIPPluginJar : add adc
2023-09-09 10:57:02,127 [INFO] IPUIPlugin:74 - create IPUIPlugin
2023-09-09 10:57:02,127 [INFO] PluginManager:213 - loadIPPluginJar : add aes
2023-09-09 10:57:02,129 [INFO] IPUIPlugin:74 - create IPUIPlugin
2023-09-09 10:57:02,129 [INFO] PluginManager:213 - loadIPPluginJar : add can
2023-09-09 10:57:02,130 [INFO] IPUIPlugin:74 - create IPUIPlugin
2023-09-09 10:57:02,130 [INFO] PluginManager:213 - loadIPPluginJar : add comp
2023-09-09 10:57:02,131 [INFO] IPUIPlugin:74 - create IPUIPlugin
2023-09-09 10:57:02,131 [INFO] PluginManager:213 - loadIPPluginJar : add cryp
2023-09-09 10:57:02,133 [INFO] IPUIPlugin:74 - create IPUIPlugin
2023-09-09 10:57:02,133 [INFO] PluginManager:213 - loadIPPluginJar : add dfsdm
2023-09-09 10:57:02,137 [INFO] IPUIPlugin:74 - create IPUIPlugin
2023-09-09 10:57:02,138 [INFO] PluginManager:213 - loadIPPluginJar : add dma
2023-09-09 10:57:02,140 [INFO] IPUIPlugin:74 - create IPUIPlugin
2023-09-09 10:57:02,140 [INFO] PluginManager:213 - loadIPPluginJar : add dma3
2023-09-09 10:57:02,141 [INFO] IPUIPlugin:74 - create IPUIPlugin
2023-09-09 10:57:02,141 [INFO] PluginManager:213 - loadIPPluginJar : add fatfs
2023-09-09 10:57:02,145 [INFO] IPUIPlugin:74 - create IPUIPlugin
2023-09-09 10:57:02,145 [INFO] PluginManager:213 - loadIPPluginJar : add fmc
2023-09-09 10:57:02,150 [INFO] IPUIPlugin:74 - create IPUIPlugin
2023-09-09 10:57:02,150 [INFO] PluginManager:213 - loadIPPluginJar : add freertos
2023-09-09 10:57:02,151 [INFO] IPUIPlugin:74 - create IPUIPlugin
2023-09-09 10:57:02,151 [INFO] PluginManager:213 - loadIPPluginJar : add genericplugin
2023-09-09 10:57:02,152 [INFO] IPUIPlugin:74 - create IPUIPlugin
2023-09-09 10:57:02,152 [INFO] PluginManager:213 - loadIPPluginJar : add gfxmmu
2023-09-09 10:57:02,156 [INFO] IPUIPlugin:74 - create IPUIPlugin
2023-09-09 10:57:02,156 [INFO] PluginManager:213 - loadIPPluginJar : add gic
2023-09-09 10:57:02,159 [INFO] IPUIPlugin:74 - create IPUIPlugin
2023-09-09 10:57:02,159 [INFO] PluginManager:213 - loadIPPluginJar : add gpio
2023-09-09 10:57:02,160 [INFO] IPUIPlugin:74 - create IPUIPlugin
2023-09-09 10:57:02,161 [INFO] PluginManager:213 - loadIPPluginJar : add gtzc
2023-09-09 10:57:02,162 [INFO] IPUIPlugin:74 - create IPUIPlugin
2023-09-09 10:57:02,163 [INFO] PluginManager:213 - loadIPPluginJar : add hash
2023-09-09 10:57:02,164 [INFO] IPUIPlugin:74 - create IPUIPlugin
2023-09-09 10:57:02,164 [INFO] PluginManager:213 - loadIPPluginJar : add i2c
2023-09-09 10:57:02,166 [INFO] IPUIPlugin:74 - create IPUIPlugin
2023-09-09 10:57:02,166 [INFO] PluginManager:213 - loadIPPluginJar : add i2s
2023-09-09 10:57:02,168 [INFO] IPUIPlugin:74 - create IPUIPlugin
2023-09-09 10:57:02,168 [INFO] PluginManager:213 - loadIPPluginJar : add ipddr
2023-09-09 10:57:02,173 [INFO] IPUIPlugin:74 - create IPUIPlugin
2023-09-09 10:57:02,174 [INFO] PluginManager:213 - loadIPPluginJar : add linkedlist
2023-09-09 10:57:02,175 [INFO] IPUIPlugin:74 - create IPUIPlugin
2023-09-09 10:57:02,175 [INFO] PluginManager:213 - loadIPPluginJar : add lorawan
2023-09-09 10:57:02,176 [INFO] IPUIPlugin:74 - create IPUIPlugin
2023-09-09 10:57:02,176 [INFO] PluginManager:213 - loadIPPluginJar : add ltdc
2023-09-09 10:57:02,179 [INFO] IPUIPlugin:74 - create IPUIPlugin
2023-09-09 10:57:02,179 [INFO] PluginManager:213 - loadIPPluginJar : add mdma
2023-09-09 10:57:02,182 [INFO] IPUIPlugin:74 - create IPUIPlugin
2023-09-09 10:57:02,182 [INFO] PluginManager:213 - loadIPPluginJar : add nvic
2023-09-09 10:57:02,184 [INFO] IPUIPlugin:74 - create IPUIPlugin
2023-09-09 10:57:02,184 [INFO] PluginManager:213 - loadIPPluginJar : add opamp
2023-09-09 10:57:02,186 [INFO] IPUIPlugin:74 - create IPUIPlugin
2023-09-09 10:57:02,186 [INFO] PluginManager:213 - loadIPPluginJar : add openamp
2023-09-09 10:57:02,188 [INFO] IPUIPlugin:74 - create IPUIPlugin
2023-09-09 10:57:02,188 [INFO] PluginManager:213 - loadIPPluginJar : add pdm2pcm
2023-09-09 10:57:02,192 [INFO] IPUIPlugin:74 - create IPUIPlugin
2023-09-09 10:57:02,195 [INFO] PluginManager:213 - loadIPPluginJar : add plateformsettings
2023-09-09 10:57:02,196 [INFO] IPUIPlugin:74 - create IPUIPlugin
2023-09-09 10:57:02,196 [INFO] PluginManager:213 - loadIPPluginJar : add quadspi
2023-09-09 10:57:02,198 [INFO] IPUIPlugin:74 - create IPUIPlugin
2023-09-09 10:57:02,198 [INFO] PluginManager:213 - loadIPPluginJar : add resmgrutility
2023-09-09 10:57:02,200 [INFO] IPUIPlugin:74 - create IPUIPlugin
2023-09-09 10:57:02,200 [INFO] PluginManager:213 - loadIPPluginJar : add sai
2023-09-09 10:57:02,202 [INFO] IPUIPlugin:74 - create IPUIPlugin
2023-09-09 10:57:02,202 [INFO] PluginManager:213 - loadIPPluginJar : add spi
2023-09-09 10:57:02,205 [INFO] IPUIPlugin:74 - create IPUIPlugin
2023-09-09 10:57:02,205 [INFO] PluginManager:213 - loadIPPluginJar : add stm32_wpan
2023-09-09 10:57:02,206 [INFO] IPUIPlugin:74 - create IPUIPlugin
2023-09-09 10:57:02,206 [INFO] PluginManager:213 - loadIPPluginJar : add tim
2023-09-09 10:57:02,208 [INFO] IPUIPlugin:74 - create IPUIPlugin
2023-09-09 10:57:02,209 [INFO] PluginManager:213 - loadIPPluginJar : add touchsensing
2023-09-09 10:57:02,210 [INFO] IPUIPlugin:74 - create IPUIPlugin
2023-09-09 10:57:02,210 [INFO] PluginManager:213 - loadIPPluginJar : add tracer_emb
2023-09-09 10:57:02,211 [INFO] IPUIPlugin:74 - create IPUIPlugin
2023-09-09 10:57:02,211 [INFO] PluginManager:213 - loadIPPluginJar : add ts
2023-09-09 10:57:02,212 [INFO] IPUIPlugin:74 - create IPUIPlugin
2023-09-09 10:57:02,212 [INFO] PluginManager:213 - loadIPPluginJar : add tsc
2023-09-09 10:57:02,213 [INFO] IPUIPlugin:74 - create IPUIPlugin
2023-09-09 10:57:02,214 [INFO] PluginManager:213 - loadIPPluginJar : add ucpd
2023-09-09 10:57:02,215 [INFO] IPUIPlugin:74 - create IPUIPlugin
2023-09-09 10:57:02,215 [INFO] PluginManager:213 - loadIPPluginJar : add usart
2023-09-09 10:57:02,217 [INFO] IPUIPlugin:74 - create IPUIPlugin
2023-09-09 10:57:02,217 [INFO] PluginManager:213 - loadIPPluginJar : add usbx
2023-09-09 10:57:02,580 [FATAL] Updater:294 - Updater called before beeing initialized
2023-09-09 10:57:03,033 [FATAL] Updater:294 - Updater called before beeing initialized
2023-09-09 10:57:03,033 [INFO] DbMcusAds:47 - JSON generation date=Tue Mar 07 15:50:55 ICT 2023 (1678179055114)
2023-09-09 10:57:03,033 [FATAL] Updater:294 - Updater called before beeing initialized
2023-09-09 10:57:03,064 [WARN] DetailPanel:314 - Failed to get advertising image, set to default
2023-09-09 10:57:03,283 [FATAL] Updater:294 - Updater called before beeing initialized
2023-09-09 10:57:03,283 [FATAL] Updater:294 - Updater called before beeing initialized
2023-09-09 10:57:03,283 [FATAL] Updater:294 - Updater called before beeing initialized
2023-09-09 10:57:03,283 [WARN] DetailPanel:314 - Failed to get advertising image, set to default
2023-09-09 10:57:03,283 [FATAL] Updater:294 - Updater called before beeing initialized
2023-09-09 10:57:03,346 [ERROR] Updater:1075 - MainUpdater not yet initialized. External WinMGr cannot be set.
2023-09-09 10:57:03,346 [INFO] Updater:1012 - Updater Version found : 6.3.0
2023-09-09 10:57:03,361 [INFO] ApplicationProperties:181 - Using Application install path: E:\vi xu ly - vi dk\ST\STM32CubeIDE_1.7.0\STM32CubeIDE\plugins\com.st.stm32cube.common.mx_6.3.0.202107141111
2023-09-09 10:57:03,486 [INFO] MainUpdater:2671 - connection check result : 10
2023-09-09 10:57:03,486 [INFO] MainUpdater:265 - Updater Check For Update Now.
2023-09-09 10:57:03,486 [INFO] MicroXplorer:478 - Change Database Version : DB.6.0.30
2023-09-09 10:57:03,643 [INFO] CheckServerUpdateThread:112 - End of CheckServer Thread
2023-09-09 10:57:03,705 [INFO] MainUpdater:2671 - connection check result : 10
2023-09-09 10:57:03,895 [INFO] McuFinderGlobals:52 - Set McuFinderConnectedMode to false
2023-09-09 10:57:04,070 [INFO] CrossSelectorPresenter:1330 - Cross Selector saved comparison directory: C:\Users\anhxa\.stmcufinder\plugins\mcufinder\mcu\cs_comparisons_mx
2023-09-09 10:57:04,070 [INFO] MultiScanPanel:197 - Auto-refresh data requested => check proxy status ongoing
2023-09-09 10:57:04,070 [INFO] MultiScanPanel:201 - Proxy status is invalid
2023-09-09 10:57:04,070 [INFO] FinderPluginLoader:87 - Searching for filters in installed packs
2023-09-09 10:57:04,070 [INFO] DbMcusXml:100 - Load MCU database from E:\vi xu ly - vi dk\ST\STM32CubeIDE_1.7.0\STM32CubeIDE\plugins\com.st.stm32cube.common.mx_6.3.0.202107141111\\db\/mcu/families.xml
2023-09-09 10:57:04,538 [ERROR] Engine:463 - C:\Users\anhxa\.stm32cubemx\thirdparties\pdsc\STMicroelectronics.X-CUBE-SMBUS.2.1.0.pdsc: PDSC version is not supported
2023-09-09 10:57:04,601 [WARN] PackLoader:238 - Cannot read IP mode file for STMicroelectronics.X-CUBE-AZRTOS-F7.1.1.0
2023-09-09 10:57:04,617 [ERROR] Engine:463 - C:\Users\anhxa\.stm32cubemx\thirdparties\pdsc\STMicroelectronics.FP-SNS-MOTENV1.4.3.2.pdsc: PDSC version is not supported
2023-09-09 10:57:04,617 [ERROR] Engine:463 - C:\Users\anhxa\.stm32cubemx\thirdparties\pdsc\STMicroelectronics.FP-SNS-FLIGHT1.5.0.2.pdsc: PDSC version is not supported
2023-09-09 10:57:04,617 [ERROR] Engine:463 - C:\Users\anhxa\.stm32cubemx\thirdparties\pdsc\STMicroelectronics.X-CUBE-DISPLAY.3.0.0.pdsc: PDSC version is not supported
2023-09-09 10:57:04,632 [WARN] PackLoader:238 - Cannot read IP mode file for STMicroelectronics.X-CUBE-BLE1.7.0.0
2023-09-09 10:57:04,663 [ERROR] Engine:463 - C:\Users\anhxa\.stm32cubemx\thirdparties\pdsc\emotas.I-CUBE-CANOPEN.1.3.0.pdsc: PDSC version is not supported
2023-09-09 10:57:04,695 [WARN] PackLoader:238 - Cannot read IP mode file for STMicroelectronics.X-CUBE-TOUCHGFX.4.22.0
2023-09-09 10:57:04,695 [INFO] LogOutputStream:76 - [STDOUT_REDIRECT] 1 : Invalid condition id : UX_CORESTACK_Condition cause : null
2023-09-09 10:57:04,726 [INFO] LogOutputStream:76 - [STDOUT_REDIRECT] 1 : Invalid condition id : UX_CORESTACK_Condition cause : null
2023-09-09 10:57:04,726 [INFO] LogOutputStream:76 - [STDOUT_REDIRECT] 1 : Invalid condition id : UX_CORESTACK_Condition cause : null
2023-09-09 10:57:04,726 [INFO] LogOutputStream:76 - [STDOUT_REDIRECT] 1 : Invalid condition id : UX_CORESTACK_Condition cause : null
2023-09-09 10:57:04,726 [INFO] LogOutputStream:76 - [STDOUT_REDIRECT] 1 : Invalid condition id : UX_CORESTACK_Condition cause : null
2023-09-09 10:57:04,726 [WARN] PackLoader:238 - Cannot read IP mode file for STMicroelectronics.X-CUBE-AZRTOS-WL.2.0.0
2023-09-09 10:57:04,742 [WARN] PackLoader:238 - Cannot read IP mode file for WES.I-CUBE-Cesium.1.3.0
2023-09-09 10:57:04,757 [WARN] PackLoader:238 - Cannot read IP mode file for STMicroelectronics.X-CUBE-BLE2.3.3.0
2023-09-09 10:57:04,757 [WARN] PackLoader:238 - Cannot read IP mode file for STMicroelectronics.X-CUBE-ALGOBUILD.1.3.0
2023-09-09 10:57:04,788 [WARN] PackLoader:238 - Cannot read IP mode file for STMicroelectronics.X-CUBE-AZRTOS-G0.1.1.0
2023-09-09 10:57:04,804 [WARN] PackLoader:238 - Cannot read IP mode file for STMicroelectronics.X-CUBE-NFC4.3.0.0
2023-09-09 10:57:04,804 [WARN] PackLoader:238 - Cannot read IP mode file for STMicroelectronics.FP-ATR-SIGFOX1.3.2.0
2023-09-09 10:57:04,835 [WARN] PackLoader:238 - Cannot read IP mode file for SEGGER.I-CUBE-embOS.1.3.1
2023-09-09 10:57:04,929 [WARN] PackLoader:238 - Cannot read IP mode file for STMicroelectronics.X-CUBE-GNSS1.6.0.0
2023-09-09 10:57:04,976 [WARN] PackLoader:238 - Cannot read IP mode file for STMicroelectronics.X-CUBE-AZRTOS-F4.1.1.0
2023-09-09 10:57:04,992 [WARN] PackLoader:238 - Cannot read IP mode file for wolfSSL.I-CUBE-wolfSSL.5.6.3
2023-09-09 10:57:05,038 [WARN] PackLoader:238 - Cannot read IP mode file for STMicroelectronics.X-CUBE-AZRTOS-L5.2.0.0
2023-09-09 10:57:05,148 [WARN] PackLoader:238 - Cannot read IP mode file for STMicroelectronics.X-CUBE-MEMS1.9.6.0
2023-09-09 10:57:05,179 [INFO] DbMcusJson:93 - JSON generation date=Tue Nov 16 23:17:54 ICT 2021 (1637079474)
2023-09-09 10:57:05,460 [WARN] PackLoader:238 - Cannot read IP mode file for STMicroelectronics.X-CUBE-BLEMGR.2.0.0
2023-09-09 10:57:05,507 [WARN] ConditionMgr:437 - getConditionDescription Invalid condition id : UX DEVICE CLASS RTOS Condition cause : null
2023-09-09 10:57:05,507 [WARN] ConditionMgr:437 - getConditionDescription Invalid condition id : UX DEVICE CLASS RTOS Condition cause : null
2023-09-09 10:57:05,507 [WARN] PackLoader:238 - Cannot read IP mode file for STMicroelectronics.X-CUBE-AZRTOS-H7.3.1.0
2023-09-09 10:57:05,507 [WARN] ConditionMgr:1038 - genDependencies : Invalid condition id : UX DEVICE CLASS RTOS Condition cause : null
2023-09-09 10:57:05,507 [WARN] ConditionMgr:1038 - genDependencies : Invalid condition id : UX DEVICE CLASS RTOS Condition cause : null
2023-09-09 10:57:05,523 [WARN] ConditionMgr:1038 - genDependencies : Invalid condition id : UX DEVICE CLASS RTOS Condition cause : null
2023-09-09 10:57:05,523 [WARN] ConditionMgr:1038 - genDependencies : Invalid condition id : UX DEVICE CLASS RTOS Condition cause : null
2023-09-09 10:57:05,523 [WARN] ConditionMgr:1038 - genDependencies : Invalid condition id : UX DEVICE CLASS RTOS Condition cause : null
2023-09-09 10:57:05,523 [WARN] PackLoader:238 - Cannot read IP mode file for STMicroelectronics.X-CUBE-NFC7.1.0.1
2023-09-09 10:57:05,538 [WARN] PackLoader:238 - Cannot read IP mode file for STMicroelectronics.X-CUBE-NFC6.3.0.0
2023-09-09 10:57:05,554 [WARN] PackLoader:238 - Cannot read IP mode file for STMicroelectronics.X-CUBE-EEPRMA1.4.1.0
2023-09-09 10:57:05,585 [WARN] PackLoader:238 - Cannot read IP mode file for STMicroelectronics.X-CUBE-AI.8.1.0
2023-09-09 10:57:05,601 [WARN] ConditionMgr:437 - getConditionDescription Invalid condition id : LAN8742 Phy interface Condition cause : null
2023-09-09 10:57:05,601 [WARN] PackLoader:238 - Cannot read IP mode file for STMicroelectronics.X-CUBE-AZRTOS-L4.2.0.0
2023-09-09 10:57:05,601 [WARN] ConditionMgr:1038 - genDependencies : Invalid condition id : LAN8742 Phy interface Condition cause : null
2023-09-09 10:57:05,601 [WARN] ConditionMgr:1038 - genDependencies : Invalid condition id : LAN8742 Phy interface Condition cause : null
2023-09-09 10:57:05,601 [WARN] ConditionMgr:1038 - genDependencies : Invalid condition id : LAN8742 Phy interface Condition cause : null
2023-09-09 10:57:05,601 [WARN] PackLoader:238 - Cannot read IP mode file for STMicroelectronics.X-CUBE-SFXS2LP1.4.0.0
2023-09-09 10:57:05,617 [WARN] PackLoader:238 - Cannot read IP mode file for STMicroelectronics.X-CUBE-ISPU.1.1.0
2023-09-09 10:57:05,617 [WARN] ConditionMgr:437 - getConditionDescription Invalid condition id : UX DEVICE CLASS RTOS Condition cause : null
2023-09-09 10:57:05,632 [WARN] ConditionMgr:437 - getConditionDescription Invalid condition id : UX DEVICE CLASS RTOS Condition cause : null
2023-09-09 10:57:05,632 [WARN] PackLoader:238 - Cannot read IP mode file for STMicroelectronics.X-CUBE-AZRTOS-WB.2.0.0
2023-09-09 10:57:05,632 [WARN] ConditionMgr:1038 - genDependencies : Invalid condition id : UX DEVICE CLASS RTOS Condition cause : null
2023-09-09 10:57:05,632 [WARN] ConditionMgr:1038 - genDependencies : Invalid condition id : UX DEVICE CLASS RTOS Condition cause : null
2023-09-09 10:57:05,632 [WARN] ConditionMgr:1038 - genDependencies : Invalid condition id : UX DEVICE CLASS RTOS Condition cause : null
2023-09-09 10:57:05,632 [WARN] ConditionMgr:1038 - genDependencies : Invalid condition id : UX DEVICE CLASS RTOS Condition cause : null
2023-09-09 10:57:05,632 [WARN] ConditionMgr:1038 - genDependencies : Invalid condition id : UX DEVICE CLASS RTOS Condition cause : null
2023-09-09 10:57:05,632 [WARN] PackLoader:238 - Cannot read IP mode file for STMicroelectronics.X-CUBE-SUBG2.5.0.0
2023-09-09 10:57:05,648 [ERROR] Engine:463 - C:\Users\anhxa\.stm32cubemx\thirdparties\pdsc\STMicroelectronics.X-CUBE-TOF1.3.3.1.pdsc: PDSC version is not supported
2023-09-09 10:57:05,663 [WARN] PackLoader:238 - Cannot read IP mode file for STMicroelectronics.X-CUBE-AZRTOS-G4.2.0.0
2023-09-09 10:57:05,663 [ERROR] Engine:463 - C:\Users\anhxa\.stm32cubemx\thirdparties\pdsc\STMicroelectronics.X-CUBE-FREERTOS.1.1.0.pdsc: PDSC version is not supported
2023-09-09 10:57:05,679 [WARN] PackLoader:238 - Cannot read IP mode file for portGmbH.I-Cube-SoM-uGOAL.1.1.0
2023-09-09 10:57:05,679 [WARN] PackLoader:238 - Cannot read IP mode file for STMicroelectronics.X-CUBE-ALS.1.0.1
2023-09-09 10:57:05,679 [WARN] PackLoader:238 - Cannot read IP mode file for STMicroelectronics.FP-ATR-ASTRA1.2.0.0
2023-09-09 10:57:05,679 [INFO] ThirdParty:915 - Integrity check success = true
2023-09-09 10:57:05,679 [INFO] IntegrityCheckThread:94 - exiting critical section [integrity check]
2023-09-09 10:57:05,679 [INFO] IntegrityCheckThread:97 - End integrity checks thread
2023-09-09 10:57:05,960 [INFO] DbMcus:175 - Found 1951 MCUs (1903 are supported by CubeMX, 1914 are visible in CubeMX)
2023-09-09 10:57:05,960 [INFO] ApiDb:251 - Load user favorites file C:\Users\anhxa/.stm32cubeide/favorites.mcus.txt: 0 item(s)
2023-09-09 10:57:05,960 [INFO] ApiDb:255 - User favorites MCUs=[]
2023-09-09 10:57:05,960 [INFO] DbMcus:187 - Set 0 / 0 favorites MCUs
2023-09-09 10:57:06,413 [INFO] DetailPanel:309 - Set advertising image to C:/Users/anhxa/STM32Cube/Repository/\en.prom-stm32h5-mcu-finder.jpg
2023-09-09 10:57:06,663 [INFO] MultiScanPanel:735 - adjusting invalid saved split location: -0.12
2023-09-09 10:57:06,757 [INFO] MultiScanPanel:735 - adjusting invalid saved split location: -0.12
2023-09-09 10:57:06,804 [INFO] DbBoardsPdsc:90 - Found 25 items
2023-09-09 10:57:06,820 [INFO] DbBoardsPdsc:90 - Found 9 items
2023-09-09 10:57:06,820 [INFO] DbBoardsPdsc:90 - Found 33 items
2023-09-09 10:57:06,820 [INFO] DbBoardsPdsc:90 - Found 1 items
2023-09-09 10:57:06,820 [INFO] DbBoardsPdsc:90 - Found 48 items
2023-09-09 10:57:06,835 [INFO] DbBoardsPdsc:90 - Found 43 items
2023-09-09 10:57:06,835 [INFO] DbBoardsPdsc:90 - Found 2 items
2023-09-09 10:57:06,835 [INFO] DbBoardsPdsc:90 - Found 5 items
2023-09-09 10:57:06,835 [WARN] DbBoardsPdsc:254 - Board STM32H7B3I-DK: unknown feature type=Audio, name=, username=Audio stereo codec with Headphone Amp (CS42L51-CNZ), n=1
2023-09-09 10:57:06,835 [WARN] DbBoardsPdsc:254 - Board STM32H735G-DK: unknown feature type=Audio, name=, username=Audio stereo codec with Headphone Amp (WM8994ECS/R), n=1
2023-09-09 10:57:06,835 [WARN] DbBoardsPdsc:254 - Board STM32H7B3I-EVAL: unknown feature type=Audio, name=, username=Multi-Channel Audio Codec (CS42L51-CNZ), n=1
2023-09-09 10:57:06,835 [WARN] DbBoardsPdsc:254 - Board STM32H7B3I-EVAL: unknown feature type=Meter, name=, username=Power-metering and Temperature-monitoring with sigma-delta modulators, n=1
2023-09-09 10:57:06,835 [WARN] DbBoardsPdsc:254 - Board STM32H7B3I-EVAL: unknown feature type=Motor, name=, username=Motor Control, n=1
2023-09-09 10:57:06,835 [WARN] DbBoardsPdsc:254 - Board STM32U575I-EV: unknown feature type=joystick, name=, username=4-direction joystick with selection button, n=1
2023-09-09 10:57:06,851 [INFO] DbBoardsJson:86 - JSON generation date=Tue Nov 16 23:17:54 ICT 2021 (1637079474)
2023-09-09 10:57:06,867 [INFO] DbBoards:117 - Found 167 boards (163 are supported by CubeMX)
2023-09-09 10:57:06,867 [INFO] DbBoardsDocs:143 - JSON generation date=Tue Nov 16 23:17:54 ICT 2021 (1637079474)
2023-09-09 10:57:06,867 [INFO] DbBoardsDocs:79 - Found 209 boards documents
2023-09-09 10:57:06,867 [WARN] DbBoards:127 - board B-L475E-IOT01A2 has no document id list !
2023-09-09 10:57:06,867 [WARN] DbBoards:127 - board NUCLEO-H743ZI has no document id list !
2023-09-09 10:57:06,867 [WARN] DbBoards:127 - board NUCLEO-WL55JC2 has no document id list !
2023-09-09 10:57:06,867 [WARN] DbBoards:127 - board P-NUCLEO-WB55-Nucleo has no document id list !
2023-09-09 10:57:06,867 [WARN] DbBoards:127 - board P-NUCLEO-WB55-USBDongle has no document id list !
2023-09-09 10:57:06,867 [WARN] DbBoards:127 - board STEVAL-BFA001V1B has no document id list !
2023-09-09 10:57:06,867 [WARN] DbBoards:127 - board STEVAL-BFA001V2B has no document id list !
2023-09-09 10:57:06,867 [WARN] DbBoards:127 - board STEVAL-IDP005V1 has no document id list !
2023-09-09 10:57:06,867 [WARN] DbBoards:127 - board STEVAL-IDP005V2 has no document id list !
2023-09-09 10:57:06,867 [WARN] DbBoards:127 - board STEVAL-MKSBOX1V1 has no document id list !
2023-09-09 10:57:06,867 [WARN] DbBoards:127 - board STEVAL-STWINKT1 has no document id list !
2023-09-09 10:57:06,867 [WARN] DbBoards:127 - board STEVAL-STWINKT1B has no document id list !
2023-09-09 10:57:06,867 [WARN] DbBoards:127 - board STM32439I-EVAL2 has no document id list !
2023-09-09 10:57:06,867 [WARN] DbBoards:127 - board STM32F401C-DISCO has no document id list !
2023-09-09 10:57:06,867 [WARN] DbBoards:127 - board STM32F769I-DISC1 has no document id list !
2023-09-09 10:57:06,867 [WARN] DbBoards:127 - board STM32G474E-EVAL1 has no document id list !
2023-09-09 10:57:06,867 [WARN] DbBoards:127 - board STM32H743I-EVAL2 has no document id list !
2023-09-09 10:57:06,867 [WARN] DbBoards:127 - board STM32H747I-DISC1 has no document id list !
2023-09-09 10:57:06,867 [WARN] DbBoards:127 - board STM32H753I-EVAL2 has no document id list !
2023-09-09 10:57:06,867 [WARN] DbBoards:127 - board STM32L-DISCOVERY has no document id list !
2023-09-09 10:57:07,007 [ERROR] DbBoards:189 - Image file not found for board B-U585I-IOT02A: E:\vi xu ly - vi dk\ST\STM32CubeIDE_1.7.0\STM32CubeIDE\plugins\com.st.stm32cube.common.mx_6.3.0.202107141111\\db\/plugins/mcufinder/images/boards/B-U585I-IOT02A_small.jpg
2023-09-09 10:57:07,117 [ERROR] DbBoards:189 - Image file not found for board NUCLEO-F413ZH: E:\vi xu ly - vi dk\ST\STM32CubeIDE_1.7.0\STM32CubeIDE\plugins\com.st.stm32cube.common.mx_6.3.0.202107141111\\db\/plugins/mcufinder/images/boards/nucleo-f413zh_small.jpg
2023-09-09 10:57:07,320 [ERROR] DbBoards:189 - Image file not found for board NUCLEO-L552ZE-Q: E:\vi xu ly - vi dk\ST\STM32CubeIDE_1.7.0\STM32CubeIDE\plugins\com.st.stm32cube.common.mx_6.3.0.202107141111\\db\/plugins/mcufinder/images/boards/nucleo_l552ze_q_small.jpg
2023-09-09 10:57:07,320 [ERROR] DbBoards:189 - Image file not found for board NUCLEO-U575ZI-Q: E:\vi xu ly - vi dk\ST\STM32CubeIDE_1.7.0\STM32CubeIDE\plugins\com.st.stm32cube.common.mx_6.3.0.202107141111\\db\/plugins/mcufinder/images/boards/nucleo-u575zi-q_small.jpg
2023-09-09 10:57:07,320 [ERROR] DbBoards:189 - Image file not found for board NUCLEO-WB15CC: E:\vi xu ly - vi dk\ST\STM32CubeIDE_1.7.0\STM32CubeIDE\plugins\com.st.stm32cube.common.mx_6.3.0.202107141111\\db\/plugins/mcufinder/images/boards/nucleo-wb15cc_small.jpg
2023-09-09 10:57:07,320 [ERROR] DbBoards:189 - Image file not found for board NUCLEO-WB55RG: E:\vi xu ly - vi dk\ST\STM32CubeIDE_1.7.0\STM32CubeIDE\plugins\com.st.stm32cube.common.mx_6.3.0.202107141111\\db\/plugins/mcufinder/images/boards/nucleo-wb55rg_small.jpg
2023-09-09 10:57:08,492 [INFO] ApiDb:251 - Load user favorites file C:\Users\anhxa/.stm32cubeide/favorites.boards.txt: 0 item(s)
2023-09-09 10:57:08,492 [INFO] ApiDb:255 - User favorites Boards=[]
2023-09-09 10:57:08,492 [INFO] DbBoards:206 - Set 0 / 0 favorites Boards
2023-09-09 10:57:08,742 [INFO] MultiScanPanel:735 - adjusting invalid saved split location: -0.12
2023-09-09 10:57:49,637 [INFO] DbMcusDocs:143 - JSON generation date=Tue Nov 16 23:17:54 ICT 2021 (1637079474)
2023-09-09 10:57:50,019 [INFO] DbMcusDocs:79 - Found 682 MCUs documents
2023-09-09 11:00:01,693 [INFO] MainUpdater:2671 - connection check result : 10
2023-09-09 11:00:01,693 [INFO] MainUpdater:2671 - connection check result : 10
2023-09-09 11:00:01,746 [INFO] MicroXplorer:448 - Change Database Path : 
2023-09-09 11:00:01,746 [INFO] MicroXplorer:478 - Change Database Version : DB.6.0.30
2023-09-09 11:00:01,747 [WARN] ThirdParty:813 - waiting for thirdparty lock release [close project]
2023-09-09 11:00:01,747 [INFO] ThirdParty:815 - entering critical section [close project]
2023-09-09 11:00:01,748 [INFO] ThirdParty:825 - exiting critical section [close project]
2023-09-09 11:00:01,753 [INFO] PinOutPanel:1463 - setPackage(No Configuration,No Configuration)
2023-09-09 11:00:01,754 [INFO] UtilMem:74 - Begin LoadConfig() Used Memory: 703400200 Bytes (772800512)
2023-09-09 11:00:01,755 [INFO] MicroXplorer:448 - Change Database Path : 
2023-09-09 11:00:01,755 [INFO] MicroXplorer:478 - Change Database Version : DB.6.0.30
2023-09-09 11:00:01,755 [INFO] OpenFileManager:313 - Change cursor
2023-09-09 11:00:02,469 [INFO] Context:592 - Trying to add GPIOservice into a context  which must be forbidden
2023-09-09 11:00:02,640 [INFO] ImportTextPane:167 - (OptionalMessage_ERROR) Unable to find key (Mcu.ThirdPartyNb) in loaded IOC file
2023-09-09 11:00:02,640 [INFO] ImportTextPane:167 - (OptionalMessage_ERROR) Unable to find key (Mcu.PinsNb) in loaded IOC file
2023-09-09 11:00:02,641 [INFO] ImportTextPane:167 - (OptionalMessage_ERROR) Unable to find key (Mcu.IPNb) in loaded IOC file
2023-09-09 11:00:02,684 [WARN] ApiManager:304 - Cannot register API 'Board Extension:GNSS1A1' from pack STMicroelectronics.X-CUBE-GNSS1.6.0.0: no header file found
2023-09-09 11:00:02,685 [WARN] ApiManager:304 - Cannot register API 'Board Support:Custom' from pack STMicroelectronics.X-CUBE-GNSS1.6.0.0: no header file found
2023-09-09 11:00:02,685 [WARN] ApiManager:304 - Cannot register API 'Data Exchange:lib_gnss' from pack STMicroelectronics.X-CUBE-GNSS1.6.0.0: no header file found
2023-09-09 11:00:02,690 [WARN] ApiManager:304 - Cannot register API 'Wireless:BlueNRG-MS' from pack STMicroelectronics.X-CUBE-BLE1.7.0.0: no header file found
2023-09-09 11:00:02,695 [WARN] ModelIntegratedComponent:60 - No mode defined for component null
2023-09-09 11:00:02,695 [WARN] ModelIntegratedComponent:60 - No mode defined for component null
2023-09-09 11:00:02,695 [WARN] ModelIntegratedComponent:60 - No mode defined for component null
2023-09-09 11:00:02,695 [WARN] ModelIntegratedComponent:60 - No mode defined for component null
2023-09-09 11:00:02,695 [WARN] ModelIntegratedComponent:60 - No mode defined for component null
2023-09-09 11:00:02,695 [WARN] ModelIntegratedComponent:60 - No mode defined for component null
2023-09-09 11:00:02,696 [WARN] ModelIntegratedComponent:60 - No mode defined for component null
2023-09-09 11:00:02,696 [WARN] ModelIntegratedComponent:60 - No mode defined for component null
2023-09-09 11:00:02,696 [WARN] ModelIntegratedComponent:60 - No mode defined for component null
2023-09-09 11:00:02,696 [WARN] ModelIntegratedComponent:60 - No mode defined for component null
2023-09-09 11:00:02,696 [WARN] ModelIntegratedComponent:60 - No mode defined for component null
2023-09-09 11:00:02,696 [WARN] ModelIntegratedComponent:60 - No mode defined for component null
2023-09-09 11:00:02,696 [WARN] ModelIntegratedComponent:60 - No mode defined for component null
2023-09-09 11:00:02,696 [WARN] ModelIntegratedComponent:60 - No mode defined for component null
2023-09-09 11:00:02,697 [WARN] ModelIntegratedComponent:60 - No mode defined for component null
2023-09-09 11:00:02,697 [WARN] ModelIntegratedComponent:60 - No mode defined for component null
2023-09-09 11:00:02,697 [WARN] ModelIntegratedComponent:60 - No mode defined for component null
2023-09-09 11:00:02,697 [WARN] ModelIntegratedComponent:60 - No mode defined for component null
2023-09-09 11:00:02,697 [WARN] ModelIntegratedComponent:60 - No mode defined for component null
2023-09-09 11:00:02,697 [WARN] ModelIntegratedComponent:60 - No mode defined for component null
2023-09-09 11:00:02,697 [WARN] ModelIntegratedComponent:60 - No mode defined for component null
2023-09-09 11:00:02,698 [WARN] ModelIntegratedComponent:60 - No mode defined for component null
2023-09-09 11:00:02,698 [WARN] ModelIntegratedComponent:60 - No mode defined for component null
2023-09-09 11:00:02,698 [WARN] ModelIntegratedComponent:60 - No mode defined for component null
2023-09-09 11:00:02,698 [WARN] ModelIntegratedComponent:60 - No mode defined for component null
2023-09-09 11:00:02,698 [WARN] ModelIntegratedComponent:60 - No mode defined for component null
2023-09-09 11:00:02,698 [WARN] ModelIntegratedComponent:60 - No mode defined for component null
2023-09-09 11:00:02,698 [WARN] ModelIntegratedComponent:60 - No mode defined for component null
2023-09-09 11:00:02,698 [WARN] ModelIntegratedComponent:60 - No mode defined for component null
2023-09-09 11:00:02,699 [WARN] ModelIntegratedComponent:60 - No mode defined for component null
2023-09-09 11:00:02,699 [WARN] ModelIntegratedComponent:60 - No mode defined for component null
2023-09-09 11:00:02,705 [WARN] ApiManager:304 - Cannot register API 'Board Extension:NFC07A1' from pack STMicroelectronics.X-CUBE-NFC7.1.0.1: no header file found
2023-09-09 11:00:02,711 [WARN] ApiManager:304 - Cannot register API 'Board Extension:NFC06A1' from pack STMicroelectronics.X-CUBE-NFC6.3.0.0: no header file found
2023-09-09 11:00:02,712 [WARN] ApiManager:304 - Cannot register API 'Board Extension:NFC08A1' from pack STMicroelectronics.X-CUBE-NFC6.3.0.0: no header file found
2023-09-09 11:00:02,713 [WARN] ApiManager:304 - Cannot register API 'Board Extension:EEPRMA1' from pack STMicroelectronics.X-CUBE-EEPRMA1.4.1.0: no header file found
2023-09-09 11:00:02,713 [WARN] ApiManager:304 - Cannot register API 'Board Extension:EEPRMA2' from pack STMicroelectronics.X-CUBE-EEPRMA1.4.1.0: no header file found
2023-09-09 11:00:02,713 [WARN] ApiManager:304 - Cannot register API 'Board Extension:PGEEZ1' from pack STMicroelectronics.X-CUBE-EEPRMA1.4.1.0: no header file found
2023-09-09 11:00:02,713 [WARN] ApiManager:304 - Cannot register API 'Board Part:M24' from pack STMicroelectronics.X-CUBE-EEPRMA1.4.1.0: no header file found
2023-09-09 11:00:02,713 [WARN] ApiManager:304 - Cannot register API 'Board Part:M95' from pack STMicroelectronics.X-CUBE-EEPRMA1.4.1.0: no header file found
2023-09-09 11:00:02,713 [WARN] ApiManager:304 - Cannot register API 'Board Part:M95P32' from pack STMicroelectronics.X-CUBE-EEPRMA1.4.1.0: no header file found
2023-09-09 11:00:02,713 [WARN] ApiManager:304 - Cannot register API 'PGEEZ1:SPI' from pack STMicroelectronics.X-CUBE-EEPRMA1.4.1.0: no header file found
2023-09-09 11:00:02,713 [WARN] ApiManager:304 - Cannot register API 'PGEEZ1:QDSPI' from pack STMicroelectronics.X-CUBE-EEPRMA1.4.1.0: no header file found
2023-09-09 11:00:02,952 [WARN] ApiManager:304 - Cannot register API 'Board Extension:IKS01A3' from pack STMicroelectronics.X-CUBE-MEMS1.9.6.0: no header file found
2023-09-09 11:00:02,953 [WARN] ApiManager:304 - Cannot register API 'Board Extension:IKS01A2' from pack STMicroelectronics.X-CUBE-MEMS1.9.6.0: no header file found
2023-09-09 11:00:02,953 [WARN] ApiManager:304 - Cannot register API 'Board Extension:IKS02A1' from pack STMicroelectronics.X-CUBE-MEMS1.9.6.0: no header file found
2023-09-09 11:00:02,965 [INFO] RtosManager:484 - Registered RTOS mode: class=CMSIS, group=RTOS, mode=CMSIS_V1, owner=FREERTOS
2023-09-09 11:00:02,965 [INFO] RtosManager:484 - Registered RTOS mode: class=CMSIS, group=RTOS2, mode=CMSIS_V2, owner=FREERTOS
2023-09-09 11:00:02,965 [INFO] RtosManager:484 - Registered RTOS mode: class=RTOS, group=Core, mode=CMSIS_V1, owner=FREERTOS
2023-09-09 11:00:02,965 [INFO] RtosManager:484 - Registered RTOS mode: class=RTOS, group=Core, mode=CMSIS_V2, owner=FREERTOS
2023-09-09 11:00:02,965 [WARN] ModelIntegratedComponent:181 - Missing modes for component STMicroelectronics:FreeRTOS:0.0.1:STMicroelectronics:RTOS:FreeRTOS:Core:::10.2.0:
2023-09-09 11:00:02,967 [WARN] ApiManager:304 - Cannot register API 'Board Extension:NFC04A1' from pack STMicroelectronics.X-CUBE-NFC4.3.0.0: no header file found
2023-09-09 11:00:02,970 [WARN] ApiManager:304 - Cannot register API 'Board Extension:S2868A1' from pack STMicroelectronics.X-CUBE-SUBG2.5.0.0: no header file found
2023-09-09 11:00:02,970 [WARN] ApiManager:304 - Cannot register API 'Board Extension:S2868A2' from pack STMicroelectronics.X-CUBE-SUBG2.5.0.0: no header file found
2023-09-09 11:00:02,970 [WARN] ApiManager:304 - Cannot register API 'Board Extension:S2915A1' from pack STMicroelectronics.X-CUBE-SUBG2.5.0.0: no header file found
2023-09-09 11:00:02,973 [WARN] ApiManager:304 - Cannot register API 'Board Extension:S2868A1' from pack STMicroelectronics.X-CUBE-SFXS2LP1.4.0.0: no header file found
2023-09-09 11:00:02,973 [WARN] ApiManager:304 - Cannot register API 'Board Extension:S2868A2' from pack STMicroelectronics.X-CUBE-SFXS2LP1.4.0.0: no header file found
2023-09-09 11:00:02,973 [WARN] ApiManager:304 - Cannot register API 'Board Extension:S2915A1' from pack STMicroelectronics.X-CUBE-SFXS2LP1.4.0.0: no header file found
2023-09-09 11:00:02,974 [WARN] ApiManager:304 - Cannot register API 'Wireless:BlueNRG-2' from pack STMicroelectronics.X-CUBE-BLE2.3.3.0: no header file found
2023-09-09 11:00:04,748 [INFO] UtilMem:74 - End LoadConfig() Used Memory: 679880960 Bytes (772800512)
2023-09-09 11:00:04,749 [WARN] ThirdParty:779 - waiting for thirdparty lock release [change project]
2023-09-09 11:00:04,749 [INFO] ThirdParty:781 - entering critical section [change project]
2023-09-09 11:00:04,749 [INFO] ThirdParty:967 - CMSIS Pack Vendor :STMicroelectronics X-CUBE-ISPU 1.1.0
2023-09-09 11:00:04,749 [INFO] ThirdParty:967 - CMSIS Pack Vendor :STMicroelectronics X-CUBE-GNSS1 6.0.0
2023-09-09 11:00:04,749 [INFO] ThirdParty:967 - CMSIS Pack Vendor :STMicroelectronics USB_HOST 2.0.0
2023-09-09 11:00:04,749 [INFO] ThirdParty:967 - CMSIS Pack Vendor :STMicroelectronics X-CUBE-AZRTOS-F4 1.1.0
2023-09-09 11:00:04,749 [INFO] ThirdParty:967 - CMSIS Pack Vendor :STMicroelectronics X-CUBE-BLE1 7.0.0
2023-09-09 11:00:04,749 [INFO] ThirdParty:967 - CMSIS Pack Vendor :STMicroelectronics FP-ATR-SIGFOX1 3.2.0
2023-09-09 11:00:04,749 [INFO] ThirdParty:967 - CMSIS Pack Vendor :wolfSSL I-CUBE-wolfSSL 5.6.3
2023-09-09 11:00:04,749 [INFO] ThirdParty:967 - CMSIS Pack Vendor :STMicroelectronics USB_DEVICE 3.0.0
2023-09-09 11:00:04,749 [INFO] ThirdParty:967 - CMSIS Pack Vendor :STMicroelectronics HAL Drivers 0.0.0
2023-09-09 11:00:04,750 [INFO] ThirdParty:967 - CMSIS Pack Vendor :STMicroelectronics MBEDTLS 2.16.2
2023-09-09 11:00:04,750 [INFO] ThirdParty:967 - CMSIS Pack Vendor :STMicroelectronics X-CUBE-AZRTOS-WB 2.0.0
2023-09-09 11:00:04,750 [INFO] ThirdParty:967 - CMSIS Pack Vendor :STMicroelectronics X-CUBE-TOUCHGFX 4.22.0
2023-09-09 11:00:04,750 [INFO] ThirdParty:967 - CMSIS Pack Vendor :STMicroelectronics X-CUBE-NFC7 1.0.1
2023-09-09 11:00:04,750 [INFO] ThirdParty:967 - CMSIS Pack Vendor :STMicroelectronics MBEDTLS 2.14.1
2023-09-09 11:00:04,750 [INFO] ThirdParty:967 - CMSIS Pack Vendor :STMicroelectronics X-CUBE-AZRTOS-F7 1.1.0
2023-09-09 11:00:04,750 [INFO] ThirdParty:967 - CMSIS Pack Vendor :STMicroelectronics X-CUBE-AZRTOS-L5 2.0.0
2023-09-09 11:00:04,750 [INFO] ThirdParty:967 - CMSIS Pack Vendor :STMicroelectronics X-CUBE-NFC6 3.0.0
2023-09-09 11:00:04,750 [INFO] ThirdParty:967 - CMSIS Pack Vendor :STMicroelectronics X-CUBE-EEPRMA1 4.1.0
2023-09-09 11:00:04,750 [INFO] ThirdParty:967 - CMSIS Pack Vendor :portGmbH I-Cube-SoM-uGOAL 1.1.0
2023-09-09 11:00:04,750 [INFO] ThirdParty:967 - CMSIS Pack Vendor :STMicroelectronics X-CUBE-ALS 1.0.1
2023-09-09 11:00:04,750 [INFO] ThirdParty:967 - CMSIS Pack Vendor :STMicroelectronics USB_DEVICE 2.0.0
2023-09-09 11:00:04,750 [INFO] ThirdParty:967 - CMSIS Pack Vendor :STMicroelectronics X-CUBE-MEMS1 9.6.0
2023-09-09 11:00:04,750 [INFO] ThirdParty:967 - CMSIS Pack Vendor :STMicroelectronics X-CUBE-AZRTOS-WL 2.0.0
2023-09-09 11:00:04,750 [INFO] ThirdParty:967 - CMSIS Pack Vendor :STMicroelectronics X-CUBE-ALGOBUILD 1.3.0
2023-09-09 11:00:04,750 [INFO] ThirdParty:967 - CMSIS Pack Vendor :SEGGER I-CUBE-embOS 1.3.1
2023-09-09 11:00:04,750 [INFO] ThirdParty:967 - CMSIS Pack Vendor :STMicroelectronics FreeRTOS 0.0.1
2023-09-09 11:00:04,750 [INFO] ThirdParty:967 - CMSIS Pack Vendor :STMicroelectronics X-CUBE-AZRTOS-G0 1.1.0
2023-09-09 11:00:04,750 [INFO] ThirdParty:967 - CMSIS Pack Vendor :STMicroelectronics USB_DEVICE 1.0.0
2023-09-09 11:00:04,750 [INFO] ThirdParty:967 - CMSIS Pack Vendor :STMicroelectronics X-CUBE-BLEMGR 2.0.0
2023-09-09 11:00:04,751 [INFO] ThirdParty:967 - CMSIS Pack Vendor :STMicroelectronics X-CUBE-AI 8.1.0
2023-09-09 11:00:04,751 [INFO] ThirdParty:967 - CMSIS Pack Vendor :STMicroelectronics X-CUBE-NFC4 3.0.0
2023-09-09 11:00:04,751 [INFO] ThirdParty:967 - CMSIS Pack Vendor :STMicroelectronics X-CUBE-SUBG2 5.0.0
2023-09-09 11:00:04,751 [INFO] ThirdParty:967 - CMSIS Pack Vendor :STMicroelectronics X-CUBE-AZRTOS-L4 2.0.0
2023-09-09 11:00:04,751 [INFO] ThirdParty:967 - CMSIS Pack Vendor :STMicroelectronics ThreadX 0.0.2
2023-09-09 11:00:04,751 [INFO] ThirdParty:967 - CMSIS Pack Vendor :WES I-CUBE-Cesium 1.3.0
2023-09-09 11:00:04,751 [INFO] ThirdParty:967 - CMSIS Pack Vendor :STMicroelectronics FP-ATR-ASTRA1 2.0.0
2023-09-09 11:00:04,751 [INFO] ThirdParty:967 - CMSIS Pack Vendor :STMicroelectronics lwIP 2.0.3
2023-09-09 11:00:04,751 [INFO] ThirdParty:967 - CMSIS Pack Vendor :STMicroelectronics lwIP 2.1.2
2023-09-09 11:00:04,751 [INFO] ThirdParty:967 - CMSIS Pack Vendor :STMicroelectronics X-CUBE-SFXS2LP1 4.0.0
2023-09-09 11:00:04,751 [INFO] ThirdParty:967 - CMSIS Pack Vendor :STMicroelectronics X-CUBE-BLE2 3.3.0
2023-09-09 11:00:04,751 [INFO] ThirdParty:967 - CMSIS Pack Vendor :STMicroelectronics USB_HOST 1.0.0
2023-09-09 11:00:04,751 [INFO] ThirdParty:967 - CMSIS Pack Vendor :STMicroelectronics X-CUBE-AZRTOS-G4 2.0.0
2023-09-09 11:00:04,751 [INFO] ThirdParty:967 - CMSIS Pack Vendor :STMicroelectronics PDM2PCM 3.1.0
2023-09-09 11:00:04,751 [INFO] ThirdParty:967 - CMSIS Pack Vendor :STMicroelectronics X-CUBE-AZRTOS-H7 3.1.0
2023-09-09 11:00:04,751 [INFO] ThirdParty:967 - CMSIS Pack Vendor :STMicroelectronics PDM2PCM 3.2.0
2023-09-09 11:00:04,751 [INFO] ThirdParty:967 - CMSIS Pack Vendor :STMicroelectronics PDM2PCM 3.3.0
2023-09-09 11:00:04,752 [INFO] ThirdParty:787 - exiting critical section [change project]
2023-09-09 11:00:04,993 [INFO] PinOutPanel:1463 - setPackage(No Configuration,No Configuration)
2023-09-09 11:00:04,994 [INFO] PinOutPanel:1463 - setPackage(STM32F103C6Tx,LQFP48)
2023-09-09 11:00:05,360 [INFO] UtilMem:74 - Before build in PCC Used Memory: 644945024 Bytes (772800512)
2023-09-09 11:00:06,044 [INFO] UtilMem:74 - After build in PCC Used Memory: 663157248 Bytes (772800512)
2023-09-09 11:00:06,063 [INFO] IPUIPlugin:74 - create IPUIPlugin
2023-09-09 11:00:06,063 [INFO] IPUIPlugin:74 - create IPUIPlugin
2023-09-09 11:00:06,063 [INFO] IPUIPlugin:74 - create IPUIPlugin
2023-09-09 11:00:06,064 [INFO] IPUIPlugin:74 - create IPUIPlugin
2023-09-09 11:00:06,064 [INFO] IPUIPlugin:74 - create IPUIPlugin
2023-09-09 11:00:06,064 [INFO] IPUIPlugin:74 - create IPUIPlugin
2023-09-09 11:00:06,064 [INFO] IPUIPlugin:74 - create IPUIPlugin
2023-09-09 11:00:06,064 [INFO] IPUIPlugin:74 - create IPUIPlugin
2023-09-09 11:00:06,064 [INFO] IPUIPlugin:74 - create IPUIPlugin
2023-09-09 11:00:06,064 [INFO] IPUIPlugin:74 - create IPUIPlugin
2023-09-09 11:00:06,065 [INFO] IPUIPlugin:74 - create IPUIPlugin
2023-09-09 11:00:06,065 [INFO] IPUIPlugin:74 - create IPUIPlugin
2023-09-09 11:00:06,065 [INFO] IPUIPlugin:74 - create IPUIPlugin
2023-09-09 11:00:06,065 [INFO] IPUIPlugin:74 - create IPUIPlugin
2023-09-09 11:00:06,066 [INFO] IPUIPlugin:74 - create IPUIPlugin
2023-09-09 11:00:06,066 [INFO] IPUIPlugin:74 - create IPUIPlugin
2023-09-09 11:00:06,066 [INFO] IPUIPlugin:74 - create IPUIPlugin
2023-09-09 11:00:06,066 [INFO] IPUIPlugin:74 - create IPUIPlugin
2023-09-09 11:00:06,067 [INFO] IPUIPlugin:74 - create IPUIPlugin
2023-09-09 11:00:06,067 [INFO] IPUIPlugin:74 - create IPUIPlugin
2023-09-09 11:00:06,068 [INFO] IPUIPlugin:74 - create IPUIPlugin
2023-09-09 11:00:06,068 [INFO] IPUIPlugin:74 - create IPUIPlugin
2023-09-09 11:00:06,069 [INFO] IPUIPlugin:74 - create IPUIPlugin
2023-09-09 11:00:06,242 [INFO] OpenFileManager:333 - Restore cursor
2023-09-09 11:00:06,514 [INFO] UtilMem:74 - End SaveConfig() Used Memory: 674437568 Bytes (772800512)
2023-09-09 11:00:06,594 [INFO] UtilMem:74 - End SaveConfig() Used Memory: 635056176 Bytes (772800512)
2023-09-09 11:00:06,907 [INFO] BlockDiagram:2740 - set Specific Code input for plugin: NVIC
2023-09-09 11:00:06,907 [INFO] BlockDiagram:2740 - set Specific Code input for plugin: SYS
2023-09-09 11:00:06,908 [INFO] BlockDiagram:2740 - set Specific Code input for plugin: RCC
2023-09-09 11:00:06,908 [INFO] CodeGenerator:663 - code generatio: config db path: E:\vi xu ly - vi dk\ST\STM32CubeIDE_1.7.0\STM32CubeIDE\plugins\com.st.stm32cube.common.mx_6.3.0.202107141111\\db\
2023-09-09 11:00:07,237 [INFO] CodeEngine:239 - oldGeneratedFile, E:\vi xu ly - vi dk\PJLAB1\S_CORE\MXTmpFiles\license.tmp_save
2023-09-09 11:00:07,536 [INFO] CodeEngine:257 - Generated code: E:\vi xu ly - vi dk\PJLAB1\S_CORE\MXTmpFiles\license.tmp
2023-09-09 11:00:07,755 [INFO] CodeEngine:239 - oldGeneratedFile, E:\vi xu ly - vi dk\PJLAB1\S_CORE\Core\Src\stm32f1xx_it.c_save
2023-09-09 11:00:07,879 [INFO] CodeEngine:257 - Generated code: E:\vi xu ly - vi dk\PJLAB1\S_CORE\Core\Src\stm32f1xx_it.c
2023-09-09 11:00:07,905 [INFO] CodeEngine:239 - oldGeneratedFile, E:\vi xu ly - vi dk\PJLAB1\S_CORE\Core\Inc\stm32f1xx_it.h_save
2023-09-09 11:00:07,975 [INFO] CodeEngine:257 - Generated code: E:\vi xu ly - vi dk\PJLAB1\S_CORE\Core\Inc\stm32f1xx_it.h
2023-09-09 11:00:08,002 [INFO] CodeEngine:239 - oldGeneratedFile, E:\vi xu ly - vi dk\PJLAB1\S_CORE\Core\Src\stm32f1xx_hal_msp.c_save
2023-09-09 11:00:08,101 [INFO] CodeEngine:257 - Generated code: E:\vi xu ly - vi dk\PJLAB1\S_CORE\Core\Src\stm32f1xx_hal_msp.c
2023-09-09 11:00:08,107 [INFO] CodeEngine:239 - oldGeneratedFile, E:\vi xu ly - vi dk\PJLAB1\S_CORE\MXTmpFiles\system.tmp_save
2023-09-09 11:00:08,162 [INFO] CodeEngine:257 - Generated code: E:\vi xu ly - vi dk\PJLAB1\S_CORE\MXTmpFiles\system.tmp
2023-09-09 11:00:08,174 [INFO] CodeEngine:239 - oldGeneratedFile, E:\vi xu ly - vi dk\PJLAB1\S_CORE\Core\Inc\stm32f1xx_hal_conf.h_save
2023-09-09 11:00:08,273 [INFO] CodeEngine:257 - Generated code: E:\vi xu ly - vi dk\PJLAB1\S_CORE\Core\Inc\stm32f1xx_hal_conf.h
2023-09-09 11:00:08,364 [INFO] CodeEngine:239 - oldGeneratedFile, E:\vi xu ly - vi dk\PJLAB1\S_CORE\Core\Inc\main.h_save
2023-09-09 11:00:08,442 [INFO] CodeEngine:257 - Generated code: E:\vi xu ly - vi dk\PJLAB1\S_CORE\Core\Inc\main.h
2023-09-09 11:00:08,449 [INFO] CodeEngine:239 - oldGeneratedFile, E:\vi xu ly - vi dk\PJLAB1\S_CORE\Core\Src\main.c_save
2023-09-09 11:00:08,562 [INFO] CodeEngine:257 - Generated code: E:\vi xu ly - vi dk\PJLAB1\S_CORE\Core\Src\main.c
2023-09-09 11:00:09,495 [INFO] ProjectBuilder:2578 - Time for Copy HAL[1] : 49mS.
2023-09-09 11:00:09,500 [INFO] ProjectBuilder:3622 - Project Generator version: 3.14.1
2023-09-09 11:00:09,955 [INFO] ConfigFileManager:1271 - The Die is : DIE412
2023-09-09 11:00:09,969 [INFO] ApiDbMcu:468 - Load IP Config File for FATFS
2023-09-09 11:00:10,039 [INFO] ApiDbMcu:468 - Load IP Config File for FREERTOS
2023-09-09 11:00:10,064 [INFO] ApiDbMcu:468 - Load IP Config File for USB_DEVICE
2023-09-09 11:00:14,216 [INFO] ProjectBuilder:3789 - Time for Generating toolchain IDE Files: 4716mS.
2023-09-09 11:00:14,217 [INFO] ProjectBuilder:2457 - Time for Copy CMSIS : 1mS.
2023-09-09 11:00:14,218 [INFO] ProjectBuilder:2457 - Time for Copy CMSIS : 0mS.
2023-09-09 11:00:15,105 [INFO] McuFinderGlobals:52 - Set McuFinderConnectedMode to true
2023-09-09 11:00:15,107 [INFO] ApiDb:276 - Save user favorites file C:\Users\anhxa/.stm32cubeide/favorites.mcus.txt: 0 item(s)
2023-09-09 11:00:15,107 [INFO] ApiDb:280 - User favorites MCUs=[]
